Experiment dir : /work/ws-tmp/g059997-DrNas/DrNAS/201-space-pc-1
01/05 01:37:16 PM gpu device = 0
01/05 01:37:16 PM args = Namespace(arch_learning_rate=0.0003, arch_weight_decay=0.001, augmix=True, batch_size=64, cutout=False, cutout_length=16, cutout_prob=1.0, data='datapath', dataset='cifar10', epochs=100, gpu=0, grad_clip=5, init_channels=16, k=1, learning_rate=0.025, learning_rate_min=0.001, method='dirichlet', momentum=0.9, reg_scale=0.001, reg_type='l2', report_freq=50, save='/work/ws-tmp/g059997-DrNas/DrNAS/201-space-pc-1', seed=2, tau_max=10, tau_min=1, train_portion=0.5, unrolled=False, weight_decay=0.0003)
try to create the NAS-Bench-201 api from /work/ws-tmp/g059997-DrNas/DrNAS/201-space/NAS-Bench-201-v1_1-096897.pth
01/05 01:38:08 PM param size = 1.686136MB
Files already downloaded and verified
01/05 01:38:10 PM epoch 0 lr 2.500000e-02
01/05 01:38:10 PM genotype = Structure(4 nodes with |avg_pool_3x3~0|+|nor_conv_3x3~0|none~1|+|avg_pool_3x3~0|nor_conv_1x1~1|none~2|)
01/05 01:38:10 PM arch-parameters :
tensor([[0.2000, 0.1998, 0.2001, 0.1997, 0.2004],
        [0.1999, 0.1998, 0.2000, 0.2002, 0.2001],
        [0.2002, 0.1998, 0.1999, 0.2001, 0.2000],
        [0.2000, 0.1999, 0.2001, 0.1999, 0.2001],
        [0.1998, 0.1999, 0.2003, 0.1999, 0.2000],
        [0.2001, 0.2000, 0.1999, 0.2001, 0.1999]])
01/05 01:38:10 PM concentration :
tensor([[0.9997, 0.9988, 1.0001, 0.9985, 1.0019],
        [0.9993, 0.9990, 0.9998, 1.0009, 1.0002],
        [1.0015, 0.9992, 0.9999, 1.0007, 1.0002],
        [1.0007, 0.9997, 1.0009, 1.0002, 1.0009],
        [0.9996, 1.0001, 1.0019, 1.0001, 1.0006],
        [1.0000, 0.9997, 0.9990, 0.9999, 0.9989]])
01/05 01:38:11 PM train 000 2.572803e+00 9.375000 50.000000
01/05 01:38:54 PM train 050 2.413057e+00 12.346814 53.431374
01/05 01:39:37 PM train 100 2.365615e+00 13.319926 56.512997
01/05 01:40:19 PM train 150 2.340483e+00 14.041804 58.671356
01/05 01:41:02 PM train 200 2.324428e+00 14.661070 60.712063
